<?xml version="1.0" encoding="UTF-8"?>
<!-- Generated by org.testng.reporters.JUnitReportReporter -->
<testsuite skipped="0" hostname="DESKTOP-7T59N6P" name="org.collections.CollectionsTest" tests="1" failures="0" timestamp="23 Sep 2021 23:47:17 GMT" time="0.016" errors="0">
  <testcase name="collectionsPractice" time="0.016" classname="org.collections.CollectionsTest"/>
</testsuite> <!-- org.collections.CollectionsTest -->
