<?xml version="1.0" encoding="UTF-8"?>
<!-- Generated by org.testng.reporters.JUnitReportReporter -->
<testsuite skipped="0" hostname="DESKTOP-7T59N6P" name="org.inheritanceclass.InheritanceTest" tests="1" failures="0" timestamp="22 Sep 2021 23:48:10 GMT" time="0.025" errors="0">
  <testcase name="callLanguage" time="0.025" classname="org.inheritanceclass.InheritanceTest"/>
</testsuite> <!-- org.inheritanceclass.InheritanceTest -->
