<?xml version="1.0" encoding="UTF-8"?>
<!-- Generated by org.testng.reporters.JUnitReportReporter -->
<testsuite skipped="0" hostname="DESKTOP-7T59N6P" name="org.scannerclass.ScannerTest" tests="1" failures="0" timestamp="22 Sep 2021 23:37:03 GMT" time="22.216" errors="0">
  <testcase name="employee" time="22.216" classname="org.scannerclass.ScannerTest"/>
</testsuite> <!-- org.scannerclass.ScannerTest -->
