<?xml version="1.0" encoding="UTF-8"?>
<!-- Generated by org.testng.reporters.JUnitReportReporter -->
<testsuite skipped="0" hostname="DESKTOP-7T59N6P" name="org.basicclass.BasicClass" tests="2" failures="0" timestamp="22 Sep 2021 00:53:42 GMT" time="0.049" errors="0">
  <testcase name="employee" time="0.031" classname="org.basicclass.BasicClass"/>
  <testcase name="vehicles" time="0.018" classname="org.basicclass.BasicClass"/>
</testsuite> <!-- org.basicclass.BasicClass -->
